<?xml version="1.0" encoding="UTF-8"?>
<!-- Generated by org.testng.reporters.JUnitReportReporter -->
<testsuite hostname="DESKTOP-JTDOHPG" failures="0" tests="1" name="projectAmazon.TestCase9" time="50.535" errors="0" timestamp="2024-12-23T21:12:44 IST" skipped="0">
  <testcase classname="projectAmazon.TestCase9" name="logintoamazon" time="50.535">
    <system-out>
      <![CDATA[test case is success_generated by listeners]]>
    </system-out>
  </testcase> <!-- logintoamazon -->
  <system-out>
    <![CDATA[test case is success_generated by listeners]]>
  </system-out>
</testsuite> <!-- projectAmazon.TestCase9 -->
