<?xml version="1.0" encoding="UTF-8"?>
<!-- Generated by org.testng.reporters.JUnitReportReporter -->
<testsuite hostname="DESKTOP-JTDOHPG" failures="0" tests="1" name="projectAmazon.TestCase2" time="19.778" errors="0" timestamp="2024-12-16T20:45:00 IST" skipped="0">
  <testcase classname="projectAmazon.TestCase2" name="logintoamazon" time="19.778">
    <system-out>
      <![CDATA[test case is success_generated by listeners]]>
    </system-out>
  </testcase> <!-- logintoamazon -->
  <system-out>
    <![CDATA[test case is success_generated by listeners
test case is success_generated by listeners]]>
  </system-out>
</testsuite> <!-- projectAmazon.TestCase2 -->
