<?xml version="1.0" encoding="UTF-8"?>
<!-- Generated by org.testng.reporters.JUnitReportReporter -->
<testsuite hostname="DESKTOP-JTDOHPG" failures="0" tests="3" name="package1.Project1.TestCase2" time="95.139" errors="0" timestamp="2024-11-21T19:20:01 IST" skipped="0">
  <testcase classname="package1.Project1.TestCase2" name="logintoamazon" time="31.965"/>
  <testcase classname="package1.Project1.TestCase2" name="logintoamazon" time="31.459"/>
  <testcase classname="package1.Project1.TestCase2" name="logintoamazon" time="31.715"/>
</testsuite> <!-- package1.Project1.TestCase2 -->
