<?xml version="1.0" encoding="UTF-8"?>
<!-- Generated by org.testng.reporters.JUnitReportReporter -->
<testsuite hostname="DESKTOP-JTDOHPG" failures="0" tests="1" name="projectAmazon.TestCase7" time="310.011" errors="0" timestamp="2024-12-23T21:10:54 IST" skipped="0">
  <testcase classname="projectAmazon.TestCase7" name="productdetails" time="310.011">
    <system-out>
      <![CDATA[test case is success_generated by listeners]]>
    </system-out>
  </testcase> <!-- productdetails -->
  <system-out>
    <![CDATA[test case is success_generated by listeners]]>
  </system-out>
</testsuite> <!-- projectAmazon.TestCase7 -->
