<?xml version="1.0" encoding="UTF-8"?>
<!-- Generated by org.testng.reporters.JUnitReportReporter -->
<testsuite hostname="DESKTOP-JTDOHPG" failures="0" tests="1" name="projectAmazon.TestCase14" time="27.452" errors="0" timestamp="2024-12-13T20:48:52 IST" skipped="0">
  <testcase classname="projectAmazon.TestCase14" name="product_ratings" time="27.452">
    <system-out>
      <![CDATA[test case is success_generated by listeners]]>
    </system-out>
  </testcase> <!-- product_ratings -->
  <system-out>
    <![CDATA[test case is success_generated by listeners]]>
  </system-out>
</testsuite> <!-- projectAmazon.TestCase14 -->
