<?xml version="1.0" encoding="UTF-8"?>
<!-- Generated by org.testng.reporters.JUnitReportReporter -->
<testsuite hostname="DESKTOP-JTDOHPG" failures="0" tests="1" name="projectAmazon.TestCase1" time="24.744" errors="0" timestamp="2024-12-16T20:45:00 IST" skipped="0">
  <testcase classname="projectAmazon.TestCase1" name="registration_amazon" time="24.744">
    <system-out>
      <![CDATA[test case is success_generated by listeners]]>
    </system-out>
  </testcase> <!-- registration_amazon -->
  <system-out>
    <![CDATA[test case is success_generated by listeners
test case is success_generated by listeners]]>
  </system-out>
</testsuite> <!-- projectAmazon.TestCase1 -->
