<?xml version="1.0" encoding="UTF-8"?>
<!-- Generated by org.testng.reporters.JUnitReportReporter -->
<testsuite hostname="DESKTOP-JTDOHPG" failures="0" tests="1" name="projectAmazon.TestCase6" time="15.027" errors="0" timestamp="2024-12-11T17:21:09 IST" skipped="0">
  <testcase classname="projectAmazon.TestCase6" name="searchingwithfilters" time="15.027">
    <system-out>
      <![CDATA[test case is success_generated by listeners]]>
    </system-out>
  </testcase> <!-- searchingwithfilters -->
  <system-out>
    <![CDATA[test case is success_generated by listeners
test case is success_generated by listeners
test case is faliure_generated by listeners
test case is success_generated by listeners
test case is success_generated by listeners
test case is success_generated by listeners
test case is success_generated by listeners
test case is success_generated by listeners
test case is faliure_generated by listeners
test case is faliure_generated by listeners
test case is success_generated by listeners
test case is faliure_generated by listeners
test case is success_generated by listeners]]>
  </system-out>
</testsuite> <!-- projectAmazon.TestCase6 -->
