<?xml version="1.0" encoding="UTF-8"?>
<!-- Generated by org.testng.reporters.JUnitReportReporter -->
<testsuite hostname="DESKTOP-JTDOHPG" failures="0" tests="1" name="projectAmazon.TestCase10" time="52.587" errors="0" timestamp="2024-12-23T21:13:55 IST" skipped="0">
  <testcase classname="projectAmazon.TestCase10" name="cart_quantity" time="52.587">
    <system-out>
      <![CDATA[test case is success_generated by listeners]]>
    </system-out>
  </testcase> <!-- cart_quantity -->
  <system-out>
    <![CDATA[test case is success_generated by listeners]]>
  </system-out>
</testsuite> <!-- projectAmazon.TestCase10 -->
