<?xml version="1.0" encoding="UTF-8"?>
<!-- Generated by org.testng.reporters.JUnitReportReporter -->
<testsuite hostname="DESKTOP-JTDOHPG" failures="0" tests="3" name="package1.Project1.TestCase3" time="84.900" errors="0" timestamp="2024-11-21T19:20:01 IST" skipped="0">
  <testcase classname="package1.Project1.TestCase3" name="wronglogintoamazon" time="27.023"/>
  <testcase classname="package1.Project1.TestCase3" name="wronglogintoamazon" time="28.521"/>
  <testcase classname="package1.Project1.TestCase3" name="wronglogintoamazon" time="29.356"/>
</testsuite> <!-- package1.Project1.TestCase3 -->
