<?xml version="1.0" encoding="UTF-8"?>
<!-- Generated by org.testng.reporters.JUnitReportReporter -->
<testsuite hostname="DESKTOP-JTDOHPG" failures="0" tests="2" name="projectAmazon.TestCase2" time="25.938" errors="0" timestamp="2024-12-11T17:21:09 IST" skipped="1">
  <testcase classname="projectAmazon.TestCase2" name="logintoamazon" time="11.183">
    <system-out>
      <![CDATA[test case is success_generated by listeners]]>
    </system-out>
  </testcase> <!-- logintoamazon -->
  <testcase classname="projectAmazon.TestCase2" name="logintoamazon" time="14.755">
    <skipped/>
  </testcase> <!-- logintoamazon -->
  <system-out>
    <![CDATA[test case is success_generated by listeners
test case is success_generated by listeners
test case is faliure_generated by listeners
test case is success_generated by listeners
test case is success_generated by listeners
test case is success_generated by listeners
test case is success_generated by listeners
test case is success_generated by listeners
test case is faliure_generated by listeners
test case is faliure_generated by listeners
test case is success_generated by listeners
test case is faliure_generated by listeners
test case is success_generated by listeners]]>
  </system-out>
</testsuite> <!-- projectAmazon.TestCase2 -->
