<?xml version="1.0" encoding="UTF-8"?>
<!-- Generated by org.testng.reporters.JUnitReportReporter -->
<testsuite hostname="DESKTOP-JTDOHPG" failures="0" tests="3" name="package1.Project1.TestCase1" time="116.276" errors="0" timestamp="2024-11-21T19:20:01 IST" skipped="0">
  <testcase classname="package1.Project1.TestCase1" name="registration_amazon" time="33.708"/>
  <testcase classname="package1.Project1.TestCase1" name="registration_amazon" time="41.788"/>
  <testcase classname="package1.Project1.TestCase1" name="registration_amazon" time="40.780"/>
</testsuite> <!-- package1.Project1.TestCase1 -->
