<?xml version="1.0" encoding="UTF-8"?>
<!-- Generated by org.testng.reporters.JUnitReportReporter -->
<testsuite hostname="DESKTOP-JTDOHPG" failures="0" tests="1" name="projectAmazon.TestCase9" time="23.621" errors="0" timestamp="2024-12-11T17:21:09 IST" skipped="0">
  <testcase classname="projectAmazon.TestCase9" name="logintoamazon" time="23.621">
    <system-out>
      <![CDATA[test case is success_generated by listeners]]>
    </system-out>
  </testcase> <!-- logintoamazon -->
  <system-out>
    <![CDATA[test case is success_generated by listeners
test case is success_generated by listeners
test case is faliure_generated by listeners
test case is success_generated by listeners
test case is success_generated by listeners
test case is success_generated by listeners
test case is success_generated by listeners
test case is success_generated by listeners
test case is faliure_generated by listeners
test case is faliure_generated by listeners
test case is success_generated by listeners
test case is faliure_generated by listeners
test case is success_generated by listeners]]>
  </system-out>
</testsuite> <!-- projectAmazon.TestCase9 -->
