<?xml version="1.0" encoding="UTF-8"?>
<!-- Generated by org.testng.reporters.JUnitReportReporter -->
<testsuite hostname="DESKTOP-JTDOHPG" failures="0" tests="1" name="projectAmazon.TestCase3" time="31.902" errors="0" timestamp="2024-12-15T14:45:20 IST" skipped="0">
  <testcase classname="projectAmazon.TestCase3" name="logintoamazon" time="31.902">
    <system-out>
      <![CDATA[test case is success_generated by listeners]]>
    </system-out>
  </testcase> <!-- logintoamazon -->
  <system-out>
    <![CDATA[test case is success_generated by listeners]]>
  </system-out>
</testsuite> <!-- projectAmazon.TestCase3 -->
