<?xml version="1.0" encoding="UTF-8"?>
<!-- Generated by org.testng.reporters.JUnitReportReporter -->
<testsuite hostname="DESKTOP-JTDOHPG" failures="0" tests="1" name="package1.Project1.TestingExcelsheet" time="1.130" errors="0" timestamp="2024-11-20T00:25:37 IST" skipped="0">
  <testcase classname="package1.Project1.TestingExcelsheet" name="testcase" time="1.130"/>
</testsuite> <!-- package1.Project1.TestingExcelsheet -->
