<?xml version="1.0" encoding="UTF-8"?>
<!-- Generated by org.testng.reporters.JUnitReportReporter -->
<testsuite hostname="DESKTOP-JTDOHPG" failures="0" tests="1" name="package1.Project1.TestCase1" time="42.484" errors="0" timestamp="2024-11-18T20:57:32 IST" skipped="0">
  <testcase classname="package1.Project1.TestCase1" name="logintoamazon" time="42.484"/>
</testsuite> <!-- package1.Project1.TestCase1 -->
